RUN --- 1
DEBUG tests/string_algos_tests.c:99: SCAN COUNT: 163152000, END TIME: 2, OPS: 81576000.000000.
DEBUG tests/string_algos_tests.c:73: FIND COUNT: 17349000, END TIME: 2, OPS: 8674500.000000.
DEBUG tests/string_algos_tests.c:52: BINSTR COUNT: 99784000, END TIME: 2, OPS: 49892000.000000.
RUN --- 2
DEBUG tests/string_algos_tests.c:99: SCAN COUNT: 215840000, END TIME: 2, OPS: 107920000.000000.
DEBUG tests/string_algos_tests.c:73: FIND COUNT: 17192000, END TIME: 2, OPS: 8596000.000000.
DEBUG tests/string_algos_tests.c:52: BINSTR COUNT: 100310000, END TIME: 2, OPS: 50155000.000000.
RUN --- 3
DEBUG tests/string_algos_tests.c:99: SCAN COUNT: 219724000, END TIME: 2, OPS: 109862000.000000.
DEBUG tests/string_algos_tests.c:73: FIND COUNT: 17374000, END TIME: 2, OPS: 8687000.000000.
DEBUG tests/string_algos_tests.c:52: BINSTR COUNT: 99303000, END TIME: 2, OPS: 49651500.000000.
RUN --- 4
DEBUG tests/string_algos_tests.c:99: SCAN COUNT: 219608000, END TIME: 2, OPS: 109804000.000000.
DEBUG tests/string_algos_tests.c:73: FIND COUNT: 17204000, END TIME: 2, OPS: 8602000.000000.
DEBUG tests/string_algos_tests.c:52: BINSTR COUNT: 99346000, END TIME: 2, OPS: 49673000.000000.
RUN --- 5
DEBUG tests/string_algos_tests.c:99: SCAN COUNT: 218608000, END TIME: 2, OPS: 109304000.000000.
DEBUG tests/string_algos_tests.c:73: FIND COUNT: 17233000, END TIME: 2, OPS: 8616500.000000.
DEBUG tests/string_algos_tests.c:52: BINSTR COUNT: 99741000, END TIME: 2, OPS: 49870500.000000.
RUN --- 6
DEBUG tests/string_algos_tests.c:99: SCAN COUNT: 220592000, END TIME: 2, OPS: 110296000.000000.
DEBUG tests/string_algos_tests.c:73: FIND COUNT: 17421000, END TIME: 2, OPS: 8710500.000000.
DEBUG tests/string_algos_tests.c:52: BINSTR COUNT: 99629000, END TIME: 2, OPS: 49814500.000000.
RUN --- 7
DEBUG tests/string_algos_tests.c:99: SCAN COUNT: 219240000, END TIME: 2, OPS: 109620000.000000.
DEBUG tests/string_algos_tests.c:73: FIND COUNT: 17384000, END TIME: 2, OPS: 8692000.000000.
DEBUG tests/string_algos_tests.c:52: BINSTR COUNT: 100327000, END TIME: 2, OPS: 50163500.000000.
RUN --- 8
DEBUG tests/string_algos_tests.c:99: SCAN COUNT: 216388000, END TIME: 2, OPS: 108194000.000000.
DEBUG tests/string_algos_tests.c:73: FIND COUNT: 17503000, END TIME: 2, OPS: 8751500.000000.
DEBUG tests/string_algos_tests.c:52: BINSTR COUNT: 99848000, END TIME: 2, OPS: 49924000.000000.
RUN --- 9
DEBUG tests/string_algos_tests.c:99: SCAN COUNT: 220624000, END TIME: 2, OPS: 110312000.000000.
DEBUG tests/string_algos_tests.c:73: FIND COUNT: 17399000, END TIME: 2, OPS: 8699500.000000.
DEBUG tests/string_algos_tests.c:52: BINSTR COUNT: 100384000, END TIME: 2, OPS: 50192000.000000.
RUN --- 10
DEBUG tests/string_algos_tests.c:99: SCAN COUNT: 220384000, END TIME: 2, OPS: 110192000.000000.
DEBUG tests/string_algos_tests.c:73: FIND COUNT: 17351000, END TIME: 2, OPS: 8675500.000000.
DEBUG tests/string_algos_tests.c:52: BINSTR COUNT: 100414000, END TIME: 2, OPS: 50207000.000000.